<?xml version="1.0" encoding="UTF-8"?>
<!-- Generated by org.testng.reporters.JUnitReportReporter -->
<testsuite hostname="DESKTOP-AVRBRCH" name="com.qa.test.TestApiScenario1" tests="1" failures="0" timestamp="23 Sep 2018 19:43:15 GMT" time="2.509" errors="0">
  <testcase name="testUsers" time="2.509" classname="com.qa.test.TestApiScenario1"/>
</testsuite> <!-- com.qa.test.TestApiScenario1 -->
