<?xml version="1.0" encoding="UTF-8"?>
<!-- Generated by org.testng.reporters.JUnitReportReporter -->
<testsuite hostname="DESKTOP-AVRBRCH" name="com.qa.test.TestApiScenario1" tests="5" failures="0" timestamp="25 Sep 2018 01:36:22 GMT" time="4.687" errors="0">
  <testcase name="getSpecificUser" time="0.838" classname="com.qa.test.TestApiScenario1"/>
  <testcase name="postSpecificUser" time="0.671" classname="com.qa.test.TestApiScenario1"/>
  <testcase name="getUsers" time="2.319" classname="com.qa.test.TestApiScenario1"/>
  <testcase name="modifySpecicUser" time="0.441" classname="com.qa.test.TestApiScenario1"/>
  <testcase name="deleteSpecicUser" time="0.418" classname="com.qa.test.TestApiScenario1"/>
</testsuite> <!-- com.qa.test.TestApiScenario1 -->
