<?xml version="1.0" encoding="UTF-8"?>
<!-- Generated by org.testng.reporters.JUnitReportReporter -->
<testsuite hostname="DESKTOP-AVRBRCH" name="com.qa.test.TestApiScenario1" tests="3" failures="0" timestamp="24 Sep 2018 01:12:25 GMT" time="13.373" errors="0">
  <testcase name="postSpecificUser" time="0.580" classname="com.qa.test.TestApiScenario1"/>
  <testcase name="getSpecificUser" time="1.404" classname="com.qa.test.TestApiScenario1"/>
  <testcase name="getUsers" time="11.389" classname="com.qa.test.TestApiScenario1"/>
</testsuite> <!-- com.qa.test.TestApiScenario1 -->
